<?xml version="1.0" encoding="UTF-8"?>
<testsuite xmlns:xsi="http://www.w3.org/2001/XMLSchema-instance" xsi:noNamespaceSchemaLocation="https://maven.apache.org/surefire/maven-surefire-plugin/xsd/surefire-test-report.xsd" name="hw6.EventListenerTest" time="32.198" tests="1" errors="1" skipped="0" failures="0">
  <properties>
[...]
</properties>
  <testcase name="changeNameTest" classname="hw6.EventListenerTest" time="30.204">
    <error message="no such element: Unable to locate element: {&quot;method&quot;:&quot;css selector&quot;,&quot;selector&quot;:&quot;.sb-icon-search&quot;}&#10;  (Session info: chrome=101.0.4951.54)&#10;For documentation on this error, please visit: https://selenium.dev/exceptions/#no_such_element&#10;Build info: version: &apos;4.0.0&apos;, revision: &apos;3a21814679&apos;&#10;System info: host: &apos;VLYLOVA-NB&apos;, ip: &apos;10.10.113.9&apos;, os.name: &apos;Windows 10&apos;, os.arch: &apos;amd64&apos;, os.version: &apos;10.0&apos;, java.version: &apos;11.0.13&apos;&#10;Driver info: org.openqa.selenium.chrome.ChromeDriver&#10;Command: [0f0a4c6dec8a943e8c18ac906499e1c1, findElement {using=css selector, value=.sb-icon-search}]&#10;Capabilities {acceptInsecureCerts: false, browserName: chrome, browserVersion: 101.0.4951.54, chrome: {chromedriverVersion: 101.0.4951.41 (93c720db8323..., userDataDir: C:\Users\vlylova\AppData\Lo...}, goog:chromeOptions: {debuggerAddress: localhost:52427}, javascriptEnabled: true, networkConnectionEnabled: false, pageLoadStrategy: normal, platform: WINDOWS, platformName: WINDOWS, proxy: Proxy(), se:cdp: ws://localhost:52427/devtoo..., se:cdpVersion: 101.0.4951.54, setWindowRect: true, strictFileInteractability: false, timeouts: {implicit: 0, pageLoad: 300000, script: 30000}, unhandledPromptBehavior: dismiss and notify, webauthn:extension:credBlob: true, webauthn:extension:largeBlob: true, webauthn:virtualAuthenticators: true}&#10;Session ID: 0f0a4c6dec8a943e8c18ac906499e1c1" type="org.openqa.selenium.NoSuchElementException">org.openqa.selenium.NoSuchElementException: 
no such element: Unable to locate element: {"method":"css selector","selector":".sb-icon-search"}
  (Session info: chrome=101.0.4951.54)
For documentation on this error, please visit: https://selenium.dev/exceptions/#no_such_element
Build info: version: '4.0.0', revision: '3a21814679'
System info: host: 'VLYLOVA-NB', ip: '10.10.113.9', os.name: 'Windows 10', os.arch: 'amd64', os.version: '10.0', java.version: '11.0.13'
Driver info: org.openqa.selenium.chrome.ChromeDriver
Command: [0f0a4c6dec8a943e8c18ac906499e1c1, findElement {using=css selector, value=.sb-icon-search}]
Capabilities {acceptInsecureCerts: false, browserName: chrome, browserVersion: 101.0.4951.54, chrome: {chromedriverVersion: 101.0.4951.41 (93c720db8323..., userDataDir: C:\Users\vlylova\AppData\Lo...}, goog:chromeOptions: {debuggerAddress: localhost:52427}, javascriptEnabled: true, networkConnectionEnabled: false, pageLoadStrategy: normal, platform: WINDOWS, platformName: WINDOWS, proxy: Proxy(), se:cdp: ws://localhost:52427/devtoo..., se:cdpVersion: 101.0.4951.54, setWindowRect: true, strictFileInteractability: false, timeouts: {implicit: 0, pageLoad: 300000, script: 30000}, unhandledPromptBehavior: dismiss and notify, webauthn:extension:credBlob: true, webauthn:extension:largeBlob: true, webauthn:virtualAuthenticators: true}
Session ID: 0f0a4c6dec8a943e8c18ac906499e1c1
	at hw6.EventListenerTest.changeNameTest(EventListenerTest.java:29)
</error>
    <system-out><![CDATA[16:59:01.415 [main] DEBUG io.github.bonigarcia.wdm.cache.ResolutionCache - Resolution chrome=101 in cache (valid until 17:58:19 10/05/2022 MSK)
16:59:01.417 [main] DEBUG io.github.bonigarcia.wdm.cache.ResolutionCache - Resolution chrome101=101.0.4951.41 in cache (valid until 15:58:11 11/05/2022 MSK)
16:59:01.417 [main] INFO io.github.bonigarcia.wdm.WebDriverManager - Using chromedriver 101.0.4951.41 (resolved driver for Chrome 101)
16:59:01.425 [main] DEBUG io.github.bonigarcia.wdm.WebDriverManager - Driver chromedriver 101.0.4951.41 found in cache
16:59:01.426 [main] INFO io.github.bonigarcia.wdm.WebDriverManager - Exporting webdriver.chrome.driver as C:\Users\vlylova\.cache\selenium\chromedriver\win32\101.0.4951.41\chromedriver.exe
16:59:01.976 [AsyncHttpClient-1-14] DEBUG org.asynchttpclient.netty.channel.NettyConnectListener - Using new Channel '[id: 0xebc0fd0a, L:/127.0.0.1:52426 - R:localhost/127.0.0.1:51211]' for 'POST' to '/session'
16:59:02.537 [AsyncHttpClient-1-14] DEBUG org.asynchttpclient.netty.handler.HttpHandler - 

Request DefaultHttpRequest(decodeResult: success, version: HTTP/1.1)
POST /session HTTP/1.1
User-Agent: selenium/4.0.0 (java windows)
Content-Length: 471
Content-Type: application/json; charset=utf-8
host: localhost:51211
accept: */*

Response DefaultHttpResponse(decodeResult: success, version: HTTP/1.1)
HTTP/1.1 200 OK
Content-Type: application/json; charset=utf-8
cache-control: no-cache
content-length: 790

16:59:02.537 [AsyncHttpClient-1-14] DEBUG org.asynchttpclient.netty.channel.ChannelManager - Adding key: http://localhost:51211 for channel [id: 0xebc0fd0a, L:/127.0.0.1:52426 - R:localhost/127.0.0.1:51211]
16:59:02.554 [AsyncHttpClient-1-15] DEBUG org.asynchttpclient.netty.channel.NettyConnectListener - Using new Channel '[id: 0x6d4d7b6d, L:/127.0.0.1:52433 - R:localhost/127.0.0.1:52427]' for 'GET' to '/json/version'
16:59:02.563 [AsyncHttpClient-1-15] DEBUG org.asynchttpclient.netty.handler.HttpHandler - 

Request DefaultFullHttpRequest(decodeResult: success, version: HTTP/1.1, content: EmptyByteBufBE)
GET /json/version HTTP/1.1
User-Agent: selenium/4.0.0 (java windows)
host: localhost:52427
accept: */*

Response DefaultHttpResponse(decodeResult: success, version: HTTP/1.1)
HTTP/1.1 200 OK
Content-Type: application/json; charset=UTF-8
content-length: 427

16:59:02.563 [AsyncHttpClient-1-15] DEBUG org.asynchttpclient.netty.channel.ChannelManager - Adding key: http://localhost:52427 for channel [id: 0x6d4d7b6d, L:/127.0.0.1:52433 - R:localhost/127.0.0.1:52427]
16:59:02.569 [AsyncHttpClient-1-16] DEBUG org.asynchttpclient.netty.channel.NettyConnectListener - Using new Channel '[id: 0xf47e7ec7, L:/127.0.0.1:52434 - R:localhost/127.0.0.1:52427]' for 'GET' to '/devtools/browser/8756ae9a-5860-4c83-a761-9c5932524cb3'
16:59:02.578 [AsyncHttpClient-1-16] DEBUG org.asynchttpclient.netty.handler.WebSocketHandler - 

Request DefaultFullHttpRequest(decodeResult: success, version: HTTP/1.1, content: EmptyByteBufBE)
GET /devtools/browser/8756ae9a-5860-4c83-a761-9c5932524cb3 HTTP/1.1
upgrade: websocket
connection: upgrade
sec-websocket-key: UVcT2rhG5aLdYkPxv+YI0A==
sec-websocket-version: 13
origin: http://localhost:52427
host: localhost:52427
accept: */*
user-agent: AHC/2.1

Response DefaultHttpResponse(decodeResult: success, version: HTTP/1.1)
HTTP/1.1 101 WebSocket Protocol Handshake
Upgrade: WebSocket
Connection: Upgrade
Sec-WebSocket-Accept: f7OnGoRiE+4bwMuGh1tTlzgDy2I=

16:59:02.587 [Forwarding setTimeout on session 0f0a4c6dec8a943e8c18ac906499e1c1 to remote] DEBUG org.asynchttpclient.netty.request.NettyRequestSender - Using pooled Channel '[id: 0xebc0fd0a, L:/127.0.0.1:52426 - R:localhost/127.0.0.1:51211]' for 'POST' to 'http://localhost:51211/session/0f0a4c6dec8a943e8c18ac906499e1c1/timeouts'
16:59:02.587 [Forwarding setTimeout on session 0f0a4c6dec8a943e8c18ac906499e1c1 to remote] DEBUG org.asynchttpclient.netty.request.NettyRequestSender - Using open Channel [id: 0xebc0fd0a, L:/127.0.0.1:52426 - R:localhost/127.0.0.1:51211] for POST '/session/0f0a4c6dec8a943e8c18ac906499e1c1/timeouts'
16:59:02.589 [AsyncHttpClient-1-14] DEBUG org.asynchttpclient.netty.handler.HttpHandler - 

Request DefaultHttpRequest(decodeResult: success, version: HTTP/1.1)
POST /session/0f0a4c6dec8a943e8c18ac906499e1c1/timeouts HTTP/1.1
User-Agent: selenium/4.0.0 (java windows)
Content-Length: 23
Content-Type: application/json; charset=utf-8
host: localhost:51211
accept: */*

Response DefaultHttpResponse(decodeResult: success, version: HTTP/1.1)
HTTP/1.1 200 OK
Content-Type: application/json; charset=utf-8
cache-control: no-cache
content-length: 14

16:59:02.590 [AsyncHttpClient-1-14] DEBUG org.asynchttpclient.netty.channel.ChannelManager - Adding key: http://localhost:51211 for channel [id: 0xebc0fd0a, L:/127.0.0.1:52426 - R:localhost/127.0.0.1:51211]
16:59:02.598 [Forwarding get on session 0f0a4c6dec8a943e8c18ac906499e1c1 to remote] DEBUG org.asynchttpclient.netty.request.NettyRequestSender - Using pooled Channel '[id: 0xebc0fd0a, L:/127.0.0.1:52426 - R:localhost/127.0.0.1:51211]' for 'POST' to 'http://localhost:51211/session/0f0a4c6dec8a943e8c18ac906499e1c1/url'
16:59:02.599 [Forwarding get on session 0f0a4c6dec8a943e8c18ac906499e1c1 to remote] DEBUG org.asynchttpclient.netty.request.NettyRequestSender - Using open Channel [id: 0xebc0fd0a, L:/127.0.0.1:52426 - R:localhost/127.0.0.1:51211] for POST '/session/0f0a4c6dec8a943e8c18ac906499e1c1/url'
16:59:03.238 [AsyncHttpClient-1-1] DEBUG org.asynchttpclient.netty.channel.DefaultChannelPool - Entry count for : http://localhost:52427 : 1
16:59:04.338 [AsyncHttpClient-1-1] DEBUG org.asynchttpclient.netty.channel.DefaultChannelPool - Entry count for : http://localhost:52427 : 1
16:59:05.445 [AsyncHttpClient-1-1] DEBUG org.asynchttpclient.netty.channel.DefaultChannelPool - Entry count for : http://localhost:52427 : 1
16:59:06.538 [AsyncHttpClient-1-1] DEBUG org.asynchttpclient.netty.channel.DefaultChannelPool - Entry count for : http://localhost:52427 : 1
16:59:07.638 [AsyncHttpClient-1-1] DEBUG org.asynchttpclient.netty.channel.DefaultChannelPool - Entry count for : http://localhost:52427 : 1
16:59:08.738 [AsyncHttpClient-1-1] DEBUG org.asynchttpclient.netty.channel.DefaultChannelPool - Entry count for : http://localhost:52427 : 1
16:59:09.838 [AsyncHttpClient-1-1] DEBUG org.asynchttpclient.netty.channel.DefaultChannelPool - Entry count for : http://localhost:52427 : 1
16:59:10.937 [AsyncHttpClient-1-1] DEBUG org.asynchttpclient.netty.channel.DefaultChannelPool - Entry count for : http://localhost:52427 : 1
16:59:12.038 [AsyncHttpClient-1-1] DEBUG org.asynchttpclient.netty.channel.DefaultChannelPool - Entry count for : http://localhost:52427 : 1
16:59:12.362 [AsyncHttpClient-1-14] DEBUG org.asynchttpclient.netty.handler.HttpHandler - 

Request DefaultHttpRequest(decodeResult: success, version: HTTP/1.1)
POST /session/0f0a4c6dec8a943e8c18ac906499e1c1/url HTTP/1.1
User-Agent: selenium/4.0.0 (java windows)
Content-Length: 44
Content-Type: application/json; charset=utf-8
host: localhost:51211
accept: */*

Response DefaultHttpResponse(decodeResult: success, version: HTTP/1.1)
HTTP/1.1 200 OK
Content-Type: application/json; charset=utf-8
cache-control: no-cache
content-length: 14

16:59:12.363 [AsyncHttpClient-1-14] DEBUG org.asynchttpclient.netty.channel.ChannelManager - Adding key: http://localhost:51211 for channel [id: 0xebc0fd0a, L:/127.0.0.1:52426 - R:localhost/127.0.0.1:51211]
16:59:12.367 [Forwarding findElement on session 0f0a4c6dec8a943e8c18ac906499e1c1 to remote] DEBUG org.asynchttpclient.netty.request.NettyRequestSender - Using pooled Channel '[id: 0xebc0fd0a, L:/127.0.0.1:52426 - R:localhost/127.0.0.1:51211]' for 'POST' to 'http://localhost:51211/session/0f0a4c6dec8a943e8c18ac906499e1c1/element'
16:59:12.367 [Forwarding findElement on session 0f0a4c6dec8a943e8c18ac906499e1c1 to remote] DEBUG org.asynchttpclient.netty.request.NettyRequestSender - Using open Channel [id: 0xebc0fd0a, L:/127.0.0.1:52426 - R:localhost/127.0.0.1:51211] for POST '/session/0f0a4c6dec8a943e8c18ac906499e1c1/element'
16:59:13.139 [AsyncHttpClient-1-1] DEBUG org.asynchttpclient.netty.channel.DefaultChannelPool - Entry count for : http://localhost:52427 : 1
16:59:14.244 [AsyncHttpClient-1-1] DEBUG org.asynchttpclient.netty.channel.DefaultChannelPool - Entry count for : http://localhost:52427 : 1
16:59:15.338 [AsyncHttpClient-1-1] DEBUG org.asynchttpclient.netty.channel.DefaultChannelPool - Entry count for : http://localhost:52427 : 1
16:59:16.439 [AsyncHttpClient-1-1] DEBUG org.asynchttpclient.netty.channel.DefaultChannelPool - Entry count for : http://localhost:52427 : 1
16:59:17.538 [AsyncHttpClient-1-1] DEBUG org.asynchttpclient.netty.channel.DefaultChannelPool - Entry count for : http://localhost:52427 : 1
16:59:18.637 [AsyncHttpClient-1-1] DEBUG org.asynchttpclient.netty.channel.DefaultChannelPool - Entry count for : http://localhost:52427 : 1
16:59:19.740 [AsyncHttpClient-1-1] DEBUG org.asynchttpclient.netty.channel.DefaultChannelPool - Entry count for : http://localhost:52427 : 1
16:59:20.838 [AsyncHttpClient-1-1] DEBUG org.asynchttpclient.netty.channel.DefaultChannelPool - Entry count for : http://localhost:52427 : 1
16:59:21.947 [AsyncHttpClient-1-1] DEBUG org.asynchttpclient.netty.channel.DefaultChannelPool - Entry count for : http://localhost:52427 : 1
16:59:22.403 [AsyncHttpClient-1-14] DEBUG org.asynchttpclient.netty.handler.HttpHandler - 

Request DefaultHttpRequest(decodeResult: success, version: HTTP/1.1)
POST /session/0f0a4c6dec8a943e8c18ac906499e1c1/element HTTP/1.1
User-Agent: selenium/4.0.0 (java windows)
Content-Length: 66
Content-Type: application/json; charset=utf-8
host: localhost:51211
accept: */*

Response DefaultHttpResponse(decodeResult: success, version: HTTP/1.1)
HTTP/1.1 404 Not Found
Content-Type: application/json; charset=utf-8
cache-control: no-cache
content-length: 1035

16:59:22.403 [AsyncHttpClient-1-14] DEBUG org.asynchttpclient.netty.channel.ChannelManager - Adding key: http://localhost:51211 for channel [id: 0xebc0fd0a, L:/127.0.0.1:52426 - R:localhost/127.0.0.1:51211]
16:59:22.414 [Forwarding screenshot on session 0f0a4c6dec8a943e8c18ac906499e1c1 to remote] DEBUG org.asynchttpclient.netty.request.NettyRequestSender - Using pooled Channel '[id: 0xebc0fd0a, L:/127.0.0.1:52426 - R:localhost/127.0.0.1:51211]' for 'GET' to 'http://localhost:51211/session/0f0a4c6dec8a943e8c18ac906499e1c1/screenshot'
16:59:22.414 [Forwarding screenshot on session 0f0a4c6dec8a943e8c18ac906499e1c1 to remote] DEBUG org.asynchttpclient.netty.request.NettyRequestSender - Using open Channel [id: 0xebc0fd0a, L:/127.0.0.1:52426 - R:localhost/127.0.0.1:51211] for GET '/session/0f0a4c6dec8a943e8c18ac906499e1c1/screenshot'
16:59:22.698 [AsyncHttpClient-1-14] DEBUG org.asynchttpclient.netty.handler.HttpHandler - 

Request DefaultFullHttpRequest(decodeResult: success, version: HTTP/1.1, content: EmptyByteBufBE)
GET /session/0f0a4c6dec8a943e8c18ac906499e1c1/screenshot HTTP/1.1
User-Agent: selenium/4.0.0 (java windows)
Cache-Control: no-cache
Content-Type: application/json; charset=utf-8
host: localhost:51211
accept: */*

Response DefaultHttpResponse(decodeResult: success, version: HTTP/1.1)
HTTP/1.1 200 OK
Content-Type: application/json; charset=utf-8
cache-control: no-cache
content-length: 860844

16:59:22.703 [AsyncHttpClient-1-14] DEBUG org.asynchttpclient.netty.channel.ChannelManager - Adding key: http://localhost:51211 for channel [id: 0xebc0fd0a, L:/127.0.0.1:52426 - R:localhost/127.0.0.1:51211]
16:59:22.753 [Forwarding findElement on session 0f0a4c6dec8a943e8c18ac906499e1c1 to remote] DEBUG org.asynchttpclient.netty.request.NettyRequestSender - Using pooled Channel '[id: 0xebc0fd0a, L:/127.0.0.1:52426 - R:localhost/127.0.0.1:51211]' for 'POST' to 'http://localhost:51211/session/0f0a4c6dec8a943e8c18ac906499e1c1/element'
16:59:22.753 [Forwarding findElement on session 0f0a4c6dec8a943e8c18ac906499e1c1 to remote] DEBUG org.asynchttpclient.netty.request.NettyRequestSender - Using open Channel [id: 0xebc0fd0a, L:/127.0.0.1:52426 - R:localhost/127.0.0.1:51211] for POST '/session/0f0a4c6dec8a943e8c18ac906499e1c1/element'
16:59:23.045 [AsyncHttpClient-1-1] DEBUG org.asynchttpclient.netty.channel.DefaultChannelPool - Entry count for : http://localhost:52427 : 1
16:59:24.138 [AsyncHttpClient-1-1] DEBUG org.asynchttpclient.netty.channel.DefaultChannelPool - Entry count for : http://localhost:52427 : 1
16:59:25.239 [AsyncHttpClient-1-1] DEBUG org.asynchttpclient.netty.channel.DefaultChannelPool - Entry count for : http://localhost:52427 : 1
16:59:26.352 [AsyncHttpClient-1-1] DEBUG org.asynchttpclient.netty.channel.DefaultChannelPool - Entry count for : http://localhost:52427 : 1
16:59:27.443 [AsyncHttpClient-1-1] DEBUG org.asynchttpclient.netty.channel.DefaultChannelPool - Entry count for : http://localhost:52427 : 1
16:59:28.539 [AsyncHttpClient-1-1] DEBUG org.asynchttpclient.netty.channel.DefaultChannelPool - Entry count for : http://localhost:52427 : 1
16:59:29.638 [AsyncHttpClient-1-1] DEBUG org.asynchttpclient.netty.channel.DefaultChannelPool - Entry count for : http://localhost:52427 : 1
16:59:30.741 [AsyncHttpClient-1-1] DEBUG org.asynchttpclient.netty.channel.DefaultChannelPool - Entry count for : http://localhost:52427 : 1
16:59:31.843 [AsyncHttpClient-1-1] DEBUG org.asynchttpclient.netty.channel.DefaultChannelPool - Entry count for : http://localhost:52427 : 1
16:59:32.768 [AsyncHttpClient-1-14] DEBUG org.asynchttpclient.netty.handler.HttpHandler - 

Request DefaultHttpRequest(decodeResult: success, version: HTTP/1.1)
POST /session/0f0a4c6dec8a943e8c18ac906499e1c1/element HTTP/1.1
User-Agent: selenium/4.0.0 (java windows)
Content-Length: 59
Content-Type: application/json; charset=utf-8
host: localhost:51211
accept: */*

Response DefaultHttpResponse(decodeResult: success, version: HTTP/1.1)
HTTP/1.1 404 Not Found
Content-Type: application/json; charset=utf-8
cache-control: no-cache
content-length: 1028

16:59:32.769 [AsyncHttpClient-1-14] DEBUG org.asynchttpclient.netty.channel.ChannelManager - Adding key: http://localhost:51211 for channel [id: 0xebc0fd0a, L:/127.0.0.1:52426 - R:localhost/127.0.0.1:51211]
16:59:32.777 [Forwarding getLog on session 0f0a4c6dec8a943e8c18ac906499e1c1 to remote] DEBUG org.asynchttpclient.netty.request.NettyRequestSender - Using pooled Channel '[id: 0xebc0fd0a, L:/127.0.0.1:52426 - R:localhost/127.0.0.1:51211]' for 'POST' to 'http://localhost:51211/session/0f0a4c6dec8a943e8c18ac906499e1c1/se/log'
16:59:32.777 [Forwarding getLog on session 0f0a4c6dec8a943e8c18ac906499e1c1 to remote] DEBUG org.asynchttpclient.netty.request.NettyRequestSender - Using open Channel [id: 0xebc0fd0a, L:/127.0.0.1:52426 - R:localhost/127.0.0.1:51211] for POST '/session/0f0a4c6dec8a943e8c18ac906499e1c1/se/log'
16:59:32.780 [AsyncHttpClient-1-14] DEBUG org.asynchttpclient.netty.handler.HttpHandler - 

Request DefaultHttpRequest(decodeResult: success, version: HTTP/1.1)
POST /session/0f0a4c6dec8a943e8c18ac906499e1c1/se/log HTTP/1.1
User-Agent: selenium/4.0.0 (java windows)
Content-Length: 23
Content-Type: application/json; charset=utf-8
host: localhost:51211
accept: */*

Response DefaultHttpResponse(decodeResult: success, version: HTTP/1.1)
HTTP/1.1 200 OK
Content-Type: application/json; charset=utf-8
cache-control: no-cache
content-length: 4264

16:59:32.780 [AsyncHttpClient-1-14] DEBUG org.asynchttpclient.netty.channel.ChannelManager - Adding key: http://localhost:51211 for channel [id: 0xebc0fd0a, L:/127.0.0.1:52426 - R:localhost/127.0.0.1:51211]
https://www.huddle.team/assets/vendor_i18n-c10e2f8c83c6b308674ce68ae9890047735e62c595a12630e95dd20fd45f319a.js 1:31007 "jQuery.Deferred exception: $(...).tooltip is not a function" "TypeError: $(...).tooltip is not a function\n    at HTMLDocument.\u003Canonymous> (https://www.huddle.team/:612:34)\n    at e (https://www.huddle.team/assets/vendor_i18n-c10e2f8c83c6b308674ce68ae9890047735e62c595a12630e95dd20fd45f319a.js:2:29453)\n    at t (https://www.huddle.team/assets/vendor_i18n-c10e2f8c83c6b308674ce68ae9890047735e62c595a12630e95dd20fd45f319a.js:2:29755)" undefined
https://www.huddle.team/assets/vendor_i18n-c10e2f8c83c6b308674ce68ae9890047735e62c595a12630e95dd20fd45f319a.js 1:31117 Uncaught TypeError: $(...).tooltip is not a function
https://px.ads.linkedin.com/collect?v=2&fmt=js&pid=3153268&time=1652191147962&url=https%3A%2F%2Fwww.huddle.team%2F - Failed to load resource: net::ERR_CONNECTION_RESET
https://www.facebook.com/tr/?id=1401892800171261&ev=PageView&dl=https%3A%2F%2Fwww.huddle.team%2F&rl=&if=false&ts=1652191153420&sw=1920&sh=1080&v=2.9.58&r=stable&ec=0&o=286&fbp=fb.1.1652191153418.124617283&it=1652191152826&coo=false&rqm=GET - Failed to load resource: net::ERR_CONNECTION_RESET
https://connect.facebook.net/en_US/fbevents.js 23:37724 "[Meta Pixel] - Unable to parse JSON-LD tag. Malformed JSON found: '\n\t{\n\t\t\"@context\": \"http://schema.org\",\n\t\t\"@type\": \"Organization\",\n\t\t\"name\": \"Huddle Team\",\n\t\t\"logo\": \"https://www.huddle.team/images/application_wide/general/logo/huddle-logo.svg\",\n\t\t\"url\": \"https://www.huddle.team/\",\n\t\t\"telephone\": \"+1-844-875-1111\",\n\t\t\t\"address\": {\n\t\t\t\"@type\": \"PostalAddress\",\n\t\t\t\"streetAddress\": \"4300 E. Pacific Coast Hwy\",\n\t\t\t\"addressLocality\": \"Long Beach, California\",\n\t\t\t\"postalCode\": \"90804\",\n\t\t\t\"addressCountry\": \"United States\"\n\t\t},\n\t\t\"foundingDate\": \"October 26, 2001\",\n\t\t\"sameAs\": [\n\t\t\t\"https://www.facebook.com/HudTeam/\",\n\t\t]\n\t}\n'."
https://www.facebook.com/tr/?id=1401892800171261&ev=Microdata&dl=https%3A%2F%2Fwww.huddle.team%2F&rl=&if=false&ts=1652191153944&cd[DataLayer]=%5B%5D&cd[Meta]=%7B%22title%22%3A%22%5CnNext%20Generation%20Video%20Conferencing%20and%20Collaboration%20%7C%20Huddle.Team%5Cn%22%7D&cd[OpenGraph]=%7B%22og%3Atitle%22%3A%22Huddle.Team%22%2C%22og%3Atype%22%3A%22company%22%2C%22og%3Aurl%22%3A%22https%3A%2F%2Fwww.huddle.team%2F%22%2C%22og%3Aimage%22%3A%22https%3A%2F%2Fwww.huddle.team%2Fimages%2Fapplication_wide%2Fgeneral%2Flogo%2Fhuddle_logo_fb.png%22%2C%22og%3Asite_name%22%3A%22Huddle.team%22%7D&cd[Schema.org]=%5B%5D&cd[JSON-LD]=%5B%5D&sw=1920&sh=1080&v=2.9.58&r=stable&ec=1&o=286&fbp=fb.1.1652191153418.124617283&it=1652191152826&coo=false&es=automatic&tm=3&rqm=GET - Failed to load resource: net::ERR_CONNECTION_RESET
https://www.huddle.team/ - The resource https://www.huddle.team/fonts/googlefonts/open-sans-v15-latin-regular.woff2?display=swap was preloaded using link preload but not used within a few seconds from the window's load event. Please make sure it has an appropriate `as` value and it is preloaded intentionally.
https://www.huddle.team/ - The resource https://www.huddle.team/fonts/googlefonts/open-sans-v18-latin-600.woff2?display=swap was preloaded using link preload but not used within a few seconds from the window's load event. Please make sure it has an appropriate `as` value and it is preloaded intentionally.
]]></system-out>
    <system-err><![CDATA[Starting ChromeDriver 101.0.4951.41 (93c720db8323b3ec10d056025ab95c23a31997c9-refs/branch-heads/4951@{#904}) on port 51211
Only local connections are allowed.
Please see https://chromedriver.chromium.org/security-considerations for suggestions on keeping ChromeDriver safe.
ChromeDriver was started successfully.
May 10, 2022 4:59:02 PM org.openqa.selenium.remote.ProtocolHandshake createSession
INFO: Detected dialect: W3C
May 10, 2022 4:59:02 PM org.openqa.selenium.devtools.CdpVersionFinder findNearestMatch
WARNING: Unable to find an exact match for CDP version 101, so returning the closest version found: a no-op implementation
May 10, 2022 4:59:02 PM org.openqa.selenium.devtools.CdpVersionFinder findNearestMatch
INFO: Unable to find CDP implementation matching 101.
May 10, 2022 4:59:02 PM org.openqa.selenium.chromium.ChromiumDriver lambda$new$3
WARNING: Unable to find version of CDP to use for . You may need to include a dependency on a specific version of the CDP using something similar to `org.seleniumhq.selenium:selenium-devtools-v86:4.0.0` where the version ("v86") matches the version of the chromium-based browser you're using and the version number of the artifact is the same as Selenium's.
]]></system-err>
  </testcase>
</testsuite>